-- The C compiler identification is GNU 9.4.0
-- The CXX compiler identification is GNU 9.4.0
-- Check for working C compiler: /usr/bin/cc
-- Check for working C compiler: /usr/bin/cc -- works
-- Detecting C compiler ABI info
-- Detecting C compiler ABI info - done
-- Detecting C compile features
-- Detecting C compile features - done
-- Check for working CXX compiler: /usr/bin/c++
-- Check for working CXX compiler: /usr/bin/c++ -- works
-- Detecting CXX compiler ABI info
-- Detecting CXX compiler ABI info - done
-- Detecting CXX compile features
-- Detecting CXX compile features - done
-- Using CATKIN_DEVEL_PREFIX: /home/jbkim12/Graph_Overtaking_Algorithm/src/Graph_Overtaking_algorithm/build/Graph_Overtaking_algorithm/devel
-- Using CMAKE_PREFIX_PATH: /home/jbkim12/Graph_Overtaking_Algorithm/devel;/opt/ros/noetic;/home/jbkim12/absol_spd_convert/src/Model_Prediction/hmcl_msgs
-- This workspace overlays: /home/jbkim12/Graph_Overtaking_Algorithm/devel;/opt/ros/noetic
-- Found PythonInterp: /usr/bin/python3 (found suitable version "3.8.10", minimum required is "3") 
-- Using PYTHON_EXECUTABLE: /usr/bin/python3
-- Using Debian Python package layout
-- Found PY_em: /usr/lib/python3/dist-packages/em.py  
-- Using empy: /usr/lib/python3/dist-packages/em.py
-- Using CATKIN_ENABLE_TESTING: ON
-- Call enable_testing()
-- Using CATKIN_TEST_RESULTS_DIR: /home/jbkim12/Graph_Overtaking_Algorithm/src/Graph_Overtaking_algorithm/build/Graph_Overtaking_algorithm/test_results
-- Forcing gtest/gmock from source, though one was otherwise available.
-- Found gtest sources under '/usr/src/googletest': gtests will be built
-- Found gmock sources under '/usr/src/googletest': gmock will be built
-- Found PythonInterp: /usr/bin/python3 (found version "3.8.10") 
-- Found Threads: TRUE  
-- Using Python nosetests: /usr/bin/nosetests3
-- catkin 0.8.10
-- BUILD_SHARED_LIBS is on
-- Using these message generators: gencpp;geneus;genlisp;gennodejs;genpy
WARNING: Package name "Graph_Overtaking_algorithm" does not follow the naming conventions. It should start with a lower case letter and only contain lower case letters, digits, underscores, and dashes.
-- Configuring done
-- Generating done
-- Build files have been written to: /home/jbkim12/Graph_Overtaking_Algorithm/src/Graph_Overtaking_algorithm/build/Graph_Overtaking_algorithm
[35m[1mScanning dependencies of target Graph_Overtaking_algorithm_node[0m
[ 50%] [32mBuilding CXX object CMakeFiles/Graph_Overtaking_algorithm_node.dir/src/Graph_Overtaking_Algorithm.cpp.o[0m
[01m[K/home/jbkim12/Graph_Overtaking_Algorithm/src/Graph_Overtaking_algorithm/src/Graph_Overtaking_Algorithm.cpp:9:10:[m[K [01;31m[Kfatal error: [m[Khmcl_msgs/LaneArray.h: No such file or directory
    9 | #include [01;31m[K<hmcl_msgs/LaneArray.h>[m[K
      |          [01;31m[K^~~~~~~~~~~~~~~~~~~~~~~[m[K
compilation terminated.
make[2]: *** [CMakeFiles/Graph_Overtaking_algorithm_node.dir/build.make:63: CMakeFiles/Graph_Overtaking_algorithm_node.dir/src/Graph_Overtaking_Algorithm.cpp.o] Error 1
make[1]: *** [CMakeFiles/Makefile2:210: CMakeFiles/Graph_Overtaking_algorithm_node.dir/all] Error 2
make: *** [Makefile:141: all] Error 2
