-- The C compiler identification is GNU 9.4.0
-- The CXX compiler identification is GNU 9.4.0
-- Check for working C compiler: /usr/bin/cc
-- Check for working C compiler: /usr/bin/cc -- works
-- Detecting C compiler ABI info
-- Detecting C compiler ABI info - done
-- Detecting C compile features
-- Detecting C compile features - done
-- Check for working CXX compiler: /usr/bin/c++
-- Check for working CXX compiler: /usr/bin/c++ -- works
-- Detecting CXX compiler ABI info
-- Detecting CXX compiler ABI info - done
-- Detecting CXX compile features
-- Detecting CXX compile features - done
-- Using CATKIN_DEVEL_PREFIX: /home/jbkim12/Graph_Overtaking_Algorithm/src/Graph_Overtaking_algorithm/build/Graph_Overtaking_algorithm/devel
-- Using CMAKE_PREFIX_PATH: /home/jbkim12/Graph_Overtaking_Algorithm/devel;/opt/ros/noetic;/home/jbkim12/absol_spd_convert/src/Model_Prediction/hmcl_msgs
-- This workspace overlays: /home/jbkim12/Graph_Overtaking_Algorithm/devel;/opt/ros/noetic
-- Found PythonInterp: /usr/bin/python3 (found suitable version "3.8.10", minimum required is "3") 
-- Using PYTHON_EXECUTABLE: /usr/bin/python3
-- Using Debian Python package layout
-- Found PY_em: /usr/lib/python3/dist-packages/em.py  
-- Using empy: /usr/lib/python3/dist-packages/em.py
-- Using CATKIN_ENABLE_TESTING: ON
-- Call enable_testing()
-- Using CATKIN_TEST_RESULTS_DIR: /home/jbkim12/Graph_Overtaking_Algorithm/src/Graph_Overtaking_algorithm/build/Graph_Overtaking_algorithm/test_results
-- Forcing gtest/gmock from source, though one was otherwise available.
-- Found gtest sources under '/usr/src/googletest': gtests will be built
-- Found gmock sources under '/usr/src/googletest': gmock will be built
-- Found PythonInterp: /usr/bin/python3 (found version "3.8.10") 
-- Found Threads: TRUE  
-- Using Python nosetests: /usr/bin/nosetests3
-- catkin 0.8.10
-- BUILD_SHARED_LIBS is on
-- Using these message generators: gencpp;geneus;genlisp;gennodejs;genpy
-- Configuring done
-- Generating done
-- Build files have been written to: /home/jbkim12/Graph_Overtaking_Algorithm/src/Graph_Overtaking_algorithm/build/Graph_Overtaking_algorithm
[35m[1mScanning dependencies of target Graph_Overtaking_algorithm_node[0m
[ 50%] [32mBuilding CXX object CMakeFiles/Graph_Overtaking_algorithm_node.dir/src/Graph_Overtaking_Algorithm.cpp.o[0m
