[0.175s] DEBUG:colcon:Command line arguments: ['/home/jbkim12/.local/bin/colcon', 'build']
[0.175s] DEBUG:colcon:Parsed command line arguments: Namespace(allow_overriding=[], ament_cmake_args=None, base_paths=['.'], build_base='build', catkin_cmake_args=None, catkin_skip_building_tests=False, cmake_args=None, cmake_clean_cache=False, cmake_clean_first=False, cmake_force_configure=False, cmake_target=None, cmake_target_skip_unavailable=False, continue_on_error=False, event_handlers=None, executor='parallel', ignore_user_meta=False, install_base='install', log_base=None, log_level=None, main=<bound method BuildVerb.main of <colcon_core.verb.build.BuildVerb object at 0x7f2383805430>>, merge_install=False, metas=['./colcon.meta'], packages_above=None, packages_above_and_dependencies=None, packages_above_depth=None, packages_end=None, packages_ignore=None, packages_ignore_regex=None, packages_select=None, packages_select_build_failed=False, packages_select_by_dep=None, packages_select_regex=None, packages_select_test_failures=False, packages_skip=None, packages_skip_build_finished=False, packages_skip_by_dep=None, packages_skip_regex=None, packages_skip_test_passed=False, packages_skip_up_to=None, packages_start=None, packages_up_to=None, packages_up_to_regex=None, parallel_workers=16, paths=None, symlink_install=False, test_result_base=None, verb_extension=<colcon_core.verb.build.BuildVerb object at 0x7f2383805430>, verb_name='build', verb_parser=<colcon_defaults.argument_parser.defaults.DefaultArgumentsDecorator object at 0x7f23836d9220>)
[0.317s] Level 1:colcon.colcon_core.package_discovery:discover_packages(colcon_meta) check parameters
[0.317s] Level 1:colcon.colcon_core.package_discovery:discover_packages(recursive) check parameters
[0.317s] Level 1:colcon.colcon_core.package_discovery:discover_packages(ignore) check parameters
[0.317s] Level 1:colcon.colcon_core.package_discovery:discover_packages(path) check parameters
[0.317s] Level 1:colcon.colcon_core.package_discovery:discover_packages(colcon_meta) discover
[0.317s] Level 1:colcon.colcon_core.package_discovery:discover_packages(recursive) discover
[0.317s] INFO:colcon.colcon_core.package_discovery:Crawling recursively for packages in '/home/jbkim12/Graph_Overtaking_Algorithm/src/Graph_Overtaking_algorithm'
[0.317s] Level 1:colcon.colcon_core.package_identification:_identify(.) by extensions ['ignore', 'ignore_ament_install']
[0.317s] Level 1:colcon.colcon_core.package_identification:_identify(.) by extension 'ignore'
[0.317s] Level 1:colcon.colcon_core.package_identification:_identify(.) by extension 'ignore_ament_install'
[0.318s] Level 1:colcon.colcon_core.package_identification:_identify(.) by extensions ['colcon_pkg']
[0.318s] Level 1:colcon.colcon_core.package_identification:_identify(.) by extension 'colcon_pkg'
[0.318s] Level 1:colcon.colcon_core.package_identification:_identify(.) by extensions ['colcon_meta']
[0.318s] Level 1:colcon.colcon_core.package_identification:_identify(.) by extension 'colcon_meta'
[0.318s] Level 1:colcon.colcon_core.package_identification:_identify(.) by extensions ['ros']
[0.318s] Level 1:colcon.colcon_core.package_identification:_identify(.) by extension 'ros'
[0.327s] DEBUG:colcon.colcon_core.package_identification:Package '.' with type 'ros.catkin' and name 'Graph_Overtaking_algorithm'
[0.327s] Level 1:colcon.colcon_core.package_discovery:discover_packages(recursive) using defaults
[0.327s] Level 1:colcon.colcon_core.package_discovery:discover_packages(ignore) discover
[0.327s] Level 1:colcon.colcon_core.package_discovery:discover_packages(ignore) using defaults
[0.327s] Level 1:colcon.colcon_core.package_discovery:discover_packages(path) discover
[0.327s] Level 1:colcon.colcon_core.package_discovery:discover_packages(path) using defaults
[0.341s] Level 1:colcon.colcon_core.package_discovery:discover_packages(prefix_path) check parameters
[0.342s] Level 1:colcon.colcon_core.package_discovery:discover_packages(prefix_path) discover
[0.343s] Level 1:colcon.colcon_core.package_discovery:discover_packages(prefix_path) using defaults
[0.343s] Level 5:colcon.colcon_core.verb:set package 'Graph_Overtaking_algorithm' build argument 'cmake_args' from command line to 'None'
[0.343s] Level 5:colcon.colcon_core.verb:set package 'Graph_Overtaking_algorithm' build argument 'cmake_target' from command line to 'None'
[0.344s] Level 5:colcon.colcon_core.verb:set package 'Graph_Overtaking_algorithm' build argument 'cmake_target_skip_unavailable' from command line to 'False'
[0.344s] Level 5:colcon.colcon_core.verb:set package 'Graph_Overtaking_algorithm' build argument 'cmake_clean_cache' from command line to 'False'
[0.344s] Level 5:colcon.colcon_core.verb:set package 'Graph_Overtaking_algorithm' build argument 'cmake_clean_first' from command line to 'False'
[0.344s] Level 5:colcon.colcon_core.verb:set package 'Graph_Overtaking_algorithm' build argument 'cmake_force_configure' from command line to 'False'
[0.344s] Level 5:colcon.colcon_core.verb:set package 'Graph_Overtaking_algorithm' build argument 'ament_cmake_args' from command line to 'None'
[0.344s] Level 5:colcon.colcon_core.verb:set package 'Graph_Overtaking_algorithm' build argument 'catkin_cmake_args' from command line to 'None'
[0.344s] Level 5:colcon.colcon_core.verb:set package 'Graph_Overtaking_algorithm' build argument 'catkin_skip_building_tests' from command line to 'False'
[0.344s] DEBUG:colcon.colcon_core.verb:Building package 'Graph_Overtaking_algorithm' with the following arguments: {'ament_cmake_args': None, 'build_base': '/home/jbkim12/Graph_Overtaking_Algorithm/src/Graph_Overtaking_algorithm/build/Graph_Overtaking_algorithm', 'catkin_cmake_args': None, 'catkin_skip_building_tests': False, 'cmake_args': None, 'cmake_clean_cache': False, 'cmake_clean_first': False, 'cmake_force_configure': False, 'cmake_target': None, 'cmake_target_skip_unavailable': False, 'install_base': '/home/jbkim12/Graph_Overtaking_Algorithm/src/Graph_Overtaking_algorithm/install/Graph_Overtaking_algorithm', 'merge_install': False, 'path': '/home/jbkim12/Graph_Overtaking_Algorithm/src/Graph_Overtaking_algorithm', 'symlink_install': False, 'test_result_base': None}
[0.344s] INFO:colcon.colcon_core.executor:Executing jobs using 'parallel' executor
[0.345s] DEBUG:colcon.colcon_parallel_executor.executor.parallel:run_until_complete
[0.345s] INFO:colcon.colcon_ros.task.catkin.build:Building ROS package in '/home/jbkim12/Graph_Overtaking_Algorithm/src/Graph_Overtaking_algorithm' with build type 'catkin'
[0.345s] INFO:colcon.colcon_cmake.task.cmake.build:Building CMake package in '/home/jbkim12/Graph_Overtaking_Algorithm/src/Graph_Overtaking_algorithm'
[0.347s] INFO:colcon.colcon_core.plugin_system:Skipping extension 'colcon_core.shell.bat': Not used on non-Windows systems
[0.347s] INFO:colcon.colcon_core.shell:Skip shell extension 'powershell' for command environment: Not usable outside of PowerShell
[0.347s] DEBUG:colcon.colcon_core.shell:Skip shell extension 'dsv' for command environment
[0.347s] DEBUG:colcon.colcon_core.shell:Ignoring prefix path '/home/jbkim12/Graph_Overtaking_Algorithm/devel'
[0.347s] DEBUG:colcon.colcon_core.shell:Ignoring prefix path '/opt/ros/noetic'
[0.365s] DEBUG:colcon.colcon_core.event_handler.log_command:Invoking command in '/home/jbkim12/Graph_Overtaking_Algorithm/src/Graph_Overtaking_algorithm/build/Graph_Overtaking_algorithm': /usr/bin/cmake --build /home/jbkim12/Graph_Overtaking_Algorithm/src/Graph_Overtaking_algorithm/build/Graph_Overtaking_algorithm -- -j16 -l16
[0.957s] DEBUG:colcon.colcon_core.event_handler.log_command:Invoked command in '/home/jbkim12/Graph_Overtaking_Algorithm/src/Graph_Overtaking_algorithm/build/Graph_Overtaking_algorithm' returned '2': /usr/bin/cmake --build /home/jbkim12/Graph_Overtaking_Algorithm/src/Graph_Overtaking_algorithm/build/Graph_Overtaking_algorithm -- -j16 -l16
[1.147s] Level 1:colcon.colcon_core.shell:create_environment_hook('Graph_Overtaking_algorithm', 'ros_package_path')
[1.149s] INFO:colcon.colcon_core.shell:Creating environment hook '/home/jbkim12/Graph_Overtaking_Algorithm/src/Graph_Overtaking_algorithm/install/Graph_Overtaking_algorithm/share/Graph_Overtaking_algorithm/hook/ros_package_path.ps1'
[1.159s] INFO:colcon.colcon_core.shell:Creating environment descriptor '/home/jbkim12/Graph_Overtaking_Algorithm/src/Graph_Overtaking_algorithm/install/Graph_Overtaking_algorithm/share/Graph_Overtaking_algorithm/hook/ros_package_path.dsv'
[1.160s] INFO:colcon.colcon_core.shell:Creating environment hook '/home/jbkim12/Graph_Overtaking_Algorithm/src/Graph_Overtaking_algorithm/install/Graph_Overtaking_algorithm/share/Graph_Overtaking_algorithm/hook/ros_package_path.sh'
[1.161s] Level 1:colcon.colcon_ros.task.catkin:checking '/home/jbkim12/Graph_Overtaking_Algorithm/src/Graph_Overtaking_algorithm/install/Graph_Overtaking_algorithm/lib/python3/dist-packages'
[1.162s] Level 1:colcon.colcon_core.shell:create_environment_hook('Graph_Overtaking_algorithm', 'pkg_config_path')
[1.162s] INFO:colcon.colcon_core.shell:Creating environment hook '/home/jbkim12/Graph_Overtaking_Algorithm/src/Graph_Overtaking_algorithm/install/Graph_Overtaking_algorithm/share/Graph_Overtaking_algorithm/hook/pkg_config_path.ps1'
[1.163s] INFO:colcon.colcon_core.shell:Creating environment descriptor '/home/jbkim12/Graph_Overtaking_Algorithm/src/Graph_Overtaking_algorithm/install/Graph_Overtaking_algorithm/share/Graph_Overtaking_algorithm/hook/pkg_config_path.dsv'
[1.164s] INFO:colcon.colcon_core.shell:Creating environment hook '/home/jbkim12/Graph_Overtaking_Algorithm/src/Graph_Overtaking_algorithm/install/Graph_Overtaking_algorithm/share/Graph_Overtaking_algorithm/hook/pkg_config_path.sh'
[1.170s] Level 1:colcon.colcon_core.shell:create_environment_hook('Graph_Overtaking_algorithm', 'pkg_config_path_multiarch')
[1.171s] INFO:colcon.colcon_core.shell:Creating environment hook '/home/jbkim12/Graph_Overtaking_Algorithm/src/Graph_Overtaking_algorithm/install/Graph_Overtaking_algorithm/share/Graph_Overtaking_algorithm/hook/pkg_config_path_multiarch.ps1'
[1.171s] INFO:colcon.colcon_core.shell:Creating environment descriptor '/home/jbkim12/Graph_Overtaking_Algorithm/src/Graph_Overtaking_algorithm/install/Graph_Overtaking_algorithm/share/Graph_Overtaking_algorithm/hook/pkg_config_path_multiarch.dsv'
[1.172s] INFO:colcon.colcon_core.shell:Creating environment hook '/home/jbkim12/Graph_Overtaking_Algorithm/src/Graph_Overtaking_algorithm/install/Graph_Overtaking_algorithm/share/Graph_Overtaking_algorithm/hook/pkg_config_path_multiarch.sh'
[1.173s] Level 1:colcon.colcon_core.environment:create_environment_scripts_only(Graph_Overtaking_algorithm)
[1.174s] Level 1:colcon.colcon_core.environment:checking '/home/jbkim12/Graph_Overtaking_Algorithm/src/Graph_Overtaking_algorithm/install/Graph_Overtaking_algorithm' for CMake module files
[1.175s] Level 1:colcon.colcon_core.environment:checking '/home/jbkim12/Graph_Overtaking_Algorithm/src/Graph_Overtaking_algorithm/install/Graph_Overtaking_algorithm' for CMake config files
[1.175s] Level 1:colcon.colcon_core.environment:checking '/home/jbkim12/Graph_Overtaking_Algorithm/src/Graph_Overtaking_algorithm/install/Graph_Overtaking_algorithm/bin'
[1.176s] Level 1:colcon.colcon_core.environment:checking '/home/jbkim12/Graph_Overtaking_Algorithm/src/Graph_Overtaking_algorithm/install/Graph_Overtaking_algorithm/lib/pkgconfig/Graph_Overtaking_algorithm.pc'
[1.177s] Level 1:colcon.colcon_core.environment:checking '/home/jbkim12/Graph_Overtaking_Algorithm/src/Graph_Overtaking_algorithm/install/Graph_Overtaking_algorithm/lib/python3.8/site-packages'
[1.178s] Level 1:colcon.colcon_core.environment:checking '/home/jbkim12/Graph_Overtaking_Algorithm/src/Graph_Overtaking_algorithm/install/Graph_Overtaking_algorithm/bin'
[1.178s] INFO:colcon.colcon_core.shell:Creating package script '/home/jbkim12/Graph_Overtaking_Algorithm/src/Graph_Overtaking_algorithm/install/Graph_Overtaking_algorithm/share/Graph_Overtaking_algorithm/package.ps1'
[1.181s] INFO:colcon.colcon_core.shell:Creating package descriptor '/home/jbkim12/Graph_Overtaking_Algorithm/src/Graph_Overtaking_algorithm/install/Graph_Overtaking_algorithm/share/Graph_Overtaking_algorithm/package.dsv'
[1.182s] INFO:colcon.colcon_core.shell:Creating package script '/home/jbkim12/Graph_Overtaking_Algorithm/src/Graph_Overtaking_algorithm/install/Graph_Overtaking_algorithm/share/Graph_Overtaking_algorithm/package.sh'
[1.183s] INFO:colcon.colcon_core.shell:Creating package script '/home/jbkim12/Graph_Overtaking_Algorithm/src/Graph_Overtaking_algorithm/install/Graph_Overtaking_algorithm/share/Graph_Overtaking_algorithm/package.bash'
[1.184s] INFO:colcon.colcon_core.shell:Creating package script '/home/jbkim12/Graph_Overtaking_Algorithm/src/Graph_Overtaking_algorithm/install/Graph_Overtaking_algorithm/share/Graph_Overtaking_algorithm/package.zsh'
[1.184s] Level 1:colcon.colcon_core.environment:create_file_with_runtime_dependencies(/home/jbkim12/Graph_Overtaking_Algorithm/src/Graph_Overtaking_algorithm/install/Graph_Overtaking_algorithm/share/colcon-core/packages/Graph_Overtaking_algorithm)
[1.195s] DEBUG:colcon.colcon_parallel_executor.executor.parallel:closing loop
[1.196s] DEBUG:colcon.colcon_parallel_executor.executor.parallel:loop closed
[1.196s] DEBUG:colcon.colcon_parallel_executor.executor.parallel:run_until_complete finished with '2'
[1.196s] DEBUG:colcon.colcon_core.event_reactor:joining thread
[1.210s] INFO:colcon.colcon_core.plugin_system:Skipping extension 'colcon_notification.desktop_notification.terminal_notifier': Not used on non-Darwin systems
[1.211s] INFO:colcon.colcon_core.plugin_system:Skipping extension 'colcon_notification.desktop_notification.win32': Not used on non-Windows systems
[1.211s] INFO:colcon.colcon_notification.desktop_notification:Sending desktop notification using 'notify2'
[1.240s] DEBUG:colcon.colcon_core.event_reactor:joined thread
[1.241s] INFO:colcon.colcon_core.shell:Creating prefix script '/home/jbkim12/Graph_Overtaking_Algorithm/src/Graph_Overtaking_algorithm/install/local_setup.ps1'
[1.241s] INFO:colcon.colcon_core.shell:Creating prefix util module '/home/jbkim12/Graph_Overtaking_Algorithm/src/Graph_Overtaking_algorithm/install/_local_setup_util_ps1.py'
[1.244s] INFO:colcon.colcon_core.shell:Creating prefix chain script '/home/jbkim12/Graph_Overtaking_Algorithm/src/Graph_Overtaking_algorithm/install/setup.ps1'
[1.247s] INFO:colcon.colcon_core.shell:Creating prefix script '/home/jbkim12/Graph_Overtaking_Algorithm/src/Graph_Overtaking_algorithm/install/local_setup.sh'
[1.248s] INFO:colcon.colcon_core.shell:Creating prefix util module '/home/jbkim12/Graph_Overtaking_Algorithm/src/Graph_Overtaking_algorithm/install/_local_setup_util_sh.py'
[1.249s] INFO:colcon.colcon_core.shell:Creating prefix chain script '/home/jbkim12/Graph_Overtaking_Algorithm/src/Graph_Overtaking_algorithm/install/setup.sh'
[1.267s] INFO:colcon.colcon_core.shell:Creating prefix script '/home/jbkim12/Graph_Overtaking_Algorithm/src/Graph_Overtaking_algorithm/install/local_setup.bash'
[1.268s] INFO:colcon.colcon_core.shell:Creating prefix chain script '/home/jbkim12/Graph_Overtaking_Algorithm/src/Graph_Overtaking_algorithm/install/setup.bash'
[1.268s] INFO:colcon.colcon_core.shell:Creating prefix script '/home/jbkim12/Graph_Overtaking_Algorithm/src/Graph_Overtaking_algorithm/install/local_setup.zsh'
[1.269s] INFO:colcon.colcon_core.shell:Creating prefix chain script '/home/jbkim12/Graph_Overtaking_Algorithm/src/Graph_Overtaking_algorithm/install/setup.zsh'
