[0.173s] DEBUG:colcon:Command line arguments: ['/home/jbkim12/.local/bin/colcon', 'build']
[0.173s] DEBUG:colcon:Parsed command line arguments: Namespace(allow_overriding=[], ament_cmake_args=None, base_paths=['.'], build_base='build', catkin_cmake_args=None, catkin_skip_building_tests=False, cmake_args=None, cmake_clean_cache=False, cmake_clean_first=False, cmake_force_configure=False, cmake_target=None, cmake_target_skip_unavailable=False, continue_on_error=False, event_handlers=None, executor='parallel', ignore_user_meta=False, install_base='install', log_base=None, log_level=None, main=<bound method BuildVerb.main of <colcon_core.verb.build.BuildVerb object at 0x7faf8a182430>>, merge_install=False, metas=['./colcon.meta'], packages_above=None, packages_above_and_dependencies=None, packages_above_depth=None, packages_end=None, packages_ignore=None, packages_ignore_regex=None, packages_select=None, packages_select_build_failed=False, packages_select_by_dep=None, packages_select_regex=None, packages_select_test_failures=False, packages_skip=None, packages_skip_build_finished=False, packages_skip_by_dep=None, packages_skip_regex=None, packages_skip_test_passed=False, packages_skip_up_to=None, packages_start=None, packages_up_to=None, packages_up_to_regex=None, parallel_workers=16, paths=None, symlink_install=False, test_result_base=None, verb_extension=<colcon_core.verb.build.BuildVerb object at 0x7faf8a182430>, verb_name='build', verb_parser=<colcon_defaults.argument_parser.defaults.DefaultArgumentsDecorator object at 0x7faf8a056220>)
[0.317s] Level 1:colcon.colcon_core.package_discovery:discover_packages(colcon_meta) check parameters
[0.317s] Level 1:colcon.colcon_core.package_discovery:discover_packages(recursive) check parameters
[0.317s] Level 1:colcon.colcon_core.package_discovery:discover_packages(ignore) check parameters
[0.317s] Level 1:colcon.colcon_core.package_discovery:discover_packages(path) check parameters
[0.317s] Level 1:colcon.colcon_core.package_discovery:discover_packages(colcon_meta) discover
[0.317s] Level 1:colcon.colcon_core.package_discovery:discover_packages(recursive) discover
[0.317s] INFO:colcon.colcon_core.package_discovery:Crawling recursively for packages in '/home/jbkim12/Graph_Overtaking_Algorithm/src/Graph_Overtaking_algorithm'
[0.317s] Level 1:colcon.colcon_core.package_identification:_identify(.) by extensions ['ignore', 'ignore_ament_install']
[0.317s] Level 1:colcon.colcon_core.package_identification:_identify(.) by extension 'ignore'
[0.317s] Level 1:colcon.colcon_core.package_identification:_identify(.) by extension 'ignore_ament_install'
[0.317s] Level 1:colcon.colcon_core.package_identification:_identify(.) by extensions ['colcon_pkg']
[0.317s] Level 1:colcon.colcon_core.package_identification:_identify(.) by extension 'colcon_pkg'
[0.318s] Level 1:colcon.colcon_core.package_identification:_identify(.) by extensions ['colcon_meta']
[0.318s] Level 1:colcon.colcon_core.package_identification:_identify(.) by extension 'colcon_meta'
[0.318s] Level 1:colcon.colcon_core.package_identification:_identify(.) by extensions ['ros']
[0.318s] Level 1:colcon.colcon_core.package_identification:_identify(.) by extension 'ros'
[0.327s] DEBUG:colcon.colcon_core.package_identification:Package '.' with type 'ros.catkin' and name 'Graph_Overtaking_algorithm'
[0.327s] Level 1:colcon.colcon_core.package_discovery:discover_packages(recursive) using defaults
[0.327s] Level 1:colcon.colcon_core.package_discovery:discover_packages(ignore) discover
[0.327s] Level 1:colcon.colcon_core.package_discovery:discover_packages(ignore) using defaults
[0.327s] Level 1:colcon.colcon_core.package_discovery:discover_packages(path) discover
[0.328s] Level 1:colcon.colcon_core.package_discovery:discover_packages(path) using defaults
[0.341s] Level 1:colcon.colcon_core.package_discovery:discover_packages(prefix_path) check parameters
[0.342s] Level 1:colcon.colcon_core.package_discovery:discover_packages(prefix_path) discover
[0.343s] Level 1:colcon.colcon_core.package_discovery:discover_packages(prefix_path) using defaults
[0.344s] Level 5:colcon.colcon_core.verb:set package 'Graph_Overtaking_algorithm' build argument 'cmake_args' from command line to 'None'
[0.344s] Level 5:colcon.colcon_core.verb:set package 'Graph_Overtaking_algorithm' build argument 'cmake_target' from command line to 'None'
[0.344s] Level 5:colcon.colcon_core.verb:set package 'Graph_Overtaking_algorithm' build argument 'cmake_target_skip_unavailable' from command line to 'False'
[0.344s] Level 5:colcon.colcon_core.verb:set package 'Graph_Overtaking_algorithm' build argument 'cmake_clean_cache' from command line to 'False'
[0.344s] Level 5:colcon.colcon_core.verb:set package 'Graph_Overtaking_algorithm' build argument 'cmake_clean_first' from command line to 'False'
[0.344s] Level 5:colcon.colcon_core.verb:set package 'Graph_Overtaking_algorithm' build argument 'cmake_force_configure' from command line to 'False'
[0.344s] Level 5:colcon.colcon_core.verb:set package 'Graph_Overtaking_algorithm' build argument 'ament_cmake_args' from command line to 'None'
[0.344s] Level 5:colcon.colcon_core.verb:set package 'Graph_Overtaking_algorithm' build argument 'catkin_cmake_args' from command line to 'None'
[0.344s] Level 5:colcon.colcon_core.verb:set package 'Graph_Overtaking_algorithm' build argument 'catkin_skip_building_tests' from command line to 'False'
[0.344s] DEBUG:colcon.colcon_core.verb:Building package 'Graph_Overtaking_algorithm' with the following arguments: {'ament_cmake_args': None, 'build_base': '/home/jbkim12/Graph_Overtaking_Algorithm/src/Graph_Overtaking_algorithm/build/Graph_Overtaking_algorithm', 'catkin_cmake_args': None, 'catkin_skip_building_tests': False, 'cmake_args': None, 'cmake_clean_cache': False, 'cmake_clean_first': False, 'cmake_force_configure': False, 'cmake_target': None, 'cmake_target_skip_unavailable': False, 'install_base': '/home/jbkim12/Graph_Overtaking_Algorithm/src/Graph_Overtaking_algorithm/install/Graph_Overtaking_algorithm', 'merge_install': False, 'path': '/home/jbkim12/Graph_Overtaking_Algorithm/src/Graph_Overtaking_algorithm', 'symlink_install': False, 'test_result_base': None}
[0.344s] INFO:colcon.colcon_core.executor:Executing jobs using 'parallel' executor
[0.345s] DEBUG:colcon.colcon_parallel_executor.executor.parallel:run_until_complete
[0.345s] INFO:colcon.colcon_ros.task.catkin.build:Building ROS package in '/home/jbkim12/Graph_Overtaking_Algorithm/src/Graph_Overtaking_algorithm' with build type 'catkin'
[0.345s] INFO:colcon.colcon_cmake.task.cmake.build:Building CMake package in '/home/jbkim12/Graph_Overtaking_Algorithm/src/Graph_Overtaking_algorithm'
[0.347s] INFO:colcon.colcon_core.plugin_system:Skipping extension 'colcon_core.shell.bat': Not used on non-Windows systems
[0.347s] INFO:colcon.colcon_core.shell:Skip shell extension 'powershell' for command environment: Not usable outside of PowerShell
[0.347s] DEBUG:colcon.colcon_core.shell:Skip shell extension 'dsv' for command environment
[0.347s] DEBUG:colcon.colcon_core.shell:Ignoring prefix path '/home/jbkim12/Graph_Overtaking_Algorithm/devel'
[0.347s] DEBUG:colcon.colcon_core.shell:Ignoring prefix path '/opt/ros/noetic'
[0.359s] DEBUG:colcon.colcon_core.event_handler.log_command:Invoking command in '/home/jbkim12/Graph_Overtaking_Algorithm/src/Graph_Overtaking_algorithm/build/Graph_Overtaking_algorithm': /usr/bin/cmake /home/jbkim12/Graph_Overtaking_Algorithm/src/Graph_Overtaking_algorithm -DCATKIN_INSTALL_INTO_PREFIX_ROOT=0 -DCMAKE_INSTALL_PREFIX=/home/jbkim12/Graph_Overtaking_Algorithm/src/Graph_Overtaking_algorithm/install/Graph_Overtaking_algorithm
[2.327s] DEBUG:colcon.colcon_core.event_handler.log_command:Invoked command in '/home/jbkim12/Graph_Overtaking_Algorithm/src/Graph_Overtaking_algorithm/build/Graph_Overtaking_algorithm' returned '0': /usr/bin/cmake /home/jbkim12/Graph_Overtaking_Algorithm/src/Graph_Overtaking_algorithm -DCATKIN_INSTALL_INTO_PREFIX_ROOT=0 -DCMAKE_INSTALL_PREFIX=/home/jbkim12/Graph_Overtaking_Algorithm/src/Graph_Overtaking_algorithm/install/Graph_Overtaking_algorithm
[2.331s] DEBUG:colcon.colcon_core.event_handler.log_command:Invoking command in '/home/jbkim12/Graph_Overtaking_Algorithm/src/Graph_Overtaking_algorithm/build/Graph_Overtaking_algorithm': /usr/bin/cmake --build /home/jbkim12/Graph_Overtaking_Algorithm/src/Graph_Overtaking_algorithm/build/Graph_Overtaking_algorithm -- -j16 -l16
[2.869s] DEBUG:colcon.colcon_core.event_handler.log_command:Invoked command in '/home/jbkim12/Graph_Overtaking_Algorithm/src/Graph_Overtaking_algorithm/build/Graph_Overtaking_algorithm' returned '2': /usr/bin/cmake --build /home/jbkim12/Graph_Overtaking_Algorithm/src/Graph_Overtaking_algorithm/build/Graph_Overtaking_algorithm -- -j16 -l16
[3.045s] Level 1:colcon.colcon_core.shell:create_environment_hook('Graph_Overtaking_algorithm', 'ros_package_path')
[3.046s] INFO:colcon.colcon_core.shell:Creating environment hook '/home/jbkim12/Graph_Overtaking_Algorithm/src/Graph_Overtaking_algorithm/install/Graph_Overtaking_algorithm/share/Graph_Overtaking_algorithm/hook/ros_package_path.ps1'
[3.048s] INFO:colcon.colcon_core.shell:Creating environment descriptor '/home/jbkim12/Graph_Overtaking_Algorithm/src/Graph_Overtaking_algorithm/install/Graph_Overtaking_algorithm/share/Graph_Overtaking_algorithm/hook/ros_package_path.dsv'
[3.049s] INFO:colcon.colcon_core.shell:Creating environment hook '/home/jbkim12/Graph_Overtaking_Algorithm/src/Graph_Overtaking_algorithm/install/Graph_Overtaking_algorithm/share/Graph_Overtaking_algorithm/hook/ros_package_path.sh'
[3.051s] Level 1:colcon.colcon_ros.task.catkin:checking '/home/jbkim12/Graph_Overtaking_Algorithm/src/Graph_Overtaking_algorithm/install/Graph_Overtaking_algorithm/lib/python3/dist-packages'
[3.051s] Level 1:colcon.colcon_core.shell:create_environment_hook('Graph_Overtaking_algorithm', 'pkg_config_path')
[3.051s] INFO:colcon.colcon_core.shell:Creating environment hook '/home/jbkim12/Graph_Overtaking_Algorithm/src/Graph_Overtaking_algorithm/install/Graph_Overtaking_algorithm/share/Graph_Overtaking_algorithm/hook/pkg_config_path.ps1'
[3.053s] INFO:colcon.colcon_core.shell:Creating environment descriptor '/home/jbkim12/Graph_Overtaking_Algorithm/src/Graph_Overtaking_algorithm/install/Graph_Overtaking_algorithm/share/Graph_Overtaking_algorithm/hook/pkg_config_path.dsv'
[3.053s] INFO:colcon.colcon_core.shell:Creating environment hook '/home/jbkim12/Graph_Overtaking_Algorithm/src/Graph_Overtaking_algorithm/install/Graph_Overtaking_algorithm/share/Graph_Overtaking_algorithm/hook/pkg_config_path.sh'
[3.057s] Level 1:colcon.colcon_core.shell:create_environment_hook('Graph_Overtaking_algorithm', 'pkg_config_path_multiarch')
[3.058s] INFO:colcon.colcon_core.shell:Creating environment hook '/home/jbkim12/Graph_Overtaking_Algorithm/src/Graph_Overtaking_algorithm/install/Graph_Overtaking_algorithm/share/Graph_Overtaking_algorithm/hook/pkg_config_path_multiarch.ps1'
[3.058s] INFO:colcon.colcon_core.shell:Creating environment descriptor '/home/jbkim12/Graph_Overtaking_Algorithm/src/Graph_Overtaking_algorithm/install/Graph_Overtaking_algorithm/share/Graph_Overtaking_algorithm/hook/pkg_config_path_multiarch.dsv'
[3.058s] INFO:colcon.colcon_core.shell:Creating environment hook '/home/jbkim12/Graph_Overtaking_Algorithm/src/Graph_Overtaking_algorithm/install/Graph_Overtaking_algorithm/share/Graph_Overtaking_algorithm/hook/pkg_config_path_multiarch.sh'
[3.059s] Level 1:colcon.colcon_core.environment:create_environment_scripts_only(Graph_Overtaking_algorithm)
[3.061s] Level 1:colcon.colcon_core.environment:checking '/home/jbkim12/Graph_Overtaking_Algorithm/src/Graph_Overtaking_algorithm/install/Graph_Overtaking_algorithm' for CMake module files
[3.061s] Level 1:colcon.colcon_core.environment:checking '/home/jbkim12/Graph_Overtaking_Algorithm/src/Graph_Overtaking_algorithm/install/Graph_Overtaking_algorithm' for CMake config files
[3.061s] Level 1:colcon.colcon_core.environment:checking '/home/jbkim12/Graph_Overtaking_Algorithm/src/Graph_Overtaking_algorithm/install/Graph_Overtaking_algorithm/bin'
[3.061s] Level 1:colcon.colcon_core.environment:checking '/home/jbkim12/Graph_Overtaking_Algorithm/src/Graph_Overtaking_algorithm/install/Graph_Overtaking_algorithm/lib/pkgconfig/Graph_Overtaking_algorithm.pc'
[3.062s] Level 1:colcon.colcon_core.environment:checking '/home/jbkim12/Graph_Overtaking_Algorithm/src/Graph_Overtaking_algorithm/install/Graph_Overtaking_algorithm/lib/python3.8/site-packages'
[3.062s] Level 1:colcon.colcon_core.environment:checking '/home/jbkim12/Graph_Overtaking_Algorithm/src/Graph_Overtaking_algorithm/install/Graph_Overtaking_algorithm/bin'
[3.062s] INFO:colcon.colcon_core.shell:Creating package script '/home/jbkim12/Graph_Overtaking_Algorithm/src/Graph_Overtaking_algorithm/install/Graph_Overtaking_algorithm/share/Graph_Overtaking_algorithm/package.ps1'
[3.063s] INFO:colcon.colcon_core.shell:Creating package descriptor '/home/jbkim12/Graph_Overtaking_Algorithm/src/Graph_Overtaking_algorithm/install/Graph_Overtaking_algorithm/share/Graph_Overtaking_algorithm/package.dsv'
[3.063s] INFO:colcon.colcon_core.shell:Creating package script '/home/jbkim12/Graph_Overtaking_Algorithm/src/Graph_Overtaking_algorithm/install/Graph_Overtaking_algorithm/share/Graph_Overtaking_algorithm/package.sh'
[3.064s] INFO:colcon.colcon_core.shell:Creating package script '/home/jbkim12/Graph_Overtaking_Algorithm/src/Graph_Overtaking_algorithm/install/Graph_Overtaking_algorithm/share/Graph_Overtaking_algorithm/package.bash'
[3.064s] INFO:colcon.colcon_core.shell:Creating package script '/home/jbkim12/Graph_Overtaking_Algorithm/src/Graph_Overtaking_algorithm/install/Graph_Overtaking_algorithm/share/Graph_Overtaking_algorithm/package.zsh'
[3.065s] Level 1:colcon.colcon_core.environment:create_file_with_runtime_dependencies(/home/jbkim12/Graph_Overtaking_Algorithm/src/Graph_Overtaking_algorithm/install/Graph_Overtaking_algorithm/share/colcon-core/packages/Graph_Overtaking_algorithm)
[3.076s] DEBUG:colcon.colcon_parallel_executor.executor.parallel:closing loop
[3.076s] DEBUG:colcon.colcon_parallel_executor.executor.parallel:loop closed
[3.076s] DEBUG:colcon.colcon_parallel_executor.executor.parallel:run_until_complete finished with '2'
[3.076s] DEBUG:colcon.colcon_core.event_reactor:joining thread
[3.090s] INFO:colcon.colcon_core.plugin_system:Skipping extension 'colcon_notification.desktop_notification.terminal_notifier': Not used on non-Darwin systems
[3.090s] INFO:colcon.colcon_core.plugin_system:Skipping extension 'colcon_notification.desktop_notification.win32': Not used on non-Windows systems
[3.090s] INFO:colcon.colcon_notification.desktop_notification:Sending desktop notification using 'notify2'
[3.109s] DEBUG:colcon.colcon_core.event_reactor:joined thread
[3.110s] INFO:colcon.colcon_core.shell:Creating prefix script '/home/jbkim12/Graph_Overtaking_Algorithm/src/Graph_Overtaking_algorithm/install/local_setup.ps1'
[3.110s] INFO:colcon.colcon_core.shell:Creating prefix util module '/home/jbkim12/Graph_Overtaking_Algorithm/src/Graph_Overtaking_algorithm/install/_local_setup_util_ps1.py'
[3.111s] INFO:colcon.colcon_core.shell:Creating prefix chain script '/home/jbkim12/Graph_Overtaking_Algorithm/src/Graph_Overtaking_algorithm/install/setup.ps1'
[3.112s] INFO:colcon.colcon_core.shell:Creating prefix script '/home/jbkim12/Graph_Overtaking_Algorithm/src/Graph_Overtaking_algorithm/install/local_setup.sh'
[3.113s] INFO:colcon.colcon_core.shell:Creating prefix util module '/home/jbkim12/Graph_Overtaking_Algorithm/src/Graph_Overtaking_algorithm/install/_local_setup_util_sh.py'
[3.113s] INFO:colcon.colcon_core.shell:Creating prefix chain script '/home/jbkim12/Graph_Overtaking_Algorithm/src/Graph_Overtaking_algorithm/install/setup.sh'
[3.123s] INFO:colcon.colcon_core.shell:Creating prefix script '/home/jbkim12/Graph_Overtaking_Algorithm/src/Graph_Overtaking_algorithm/install/local_setup.bash'
[3.123s] INFO:colcon.colcon_core.shell:Creating prefix chain script '/home/jbkim12/Graph_Overtaking_Algorithm/src/Graph_Overtaking_algorithm/install/setup.bash'
[3.124s] INFO:colcon.colcon_core.shell:Creating prefix script '/home/jbkim12/Graph_Overtaking_Algorithm/src/Graph_Overtaking_algorithm/install/local_setup.zsh'
[3.124s] INFO:colcon.colcon_core.shell:Creating prefix chain script '/home/jbkim12/Graph_Overtaking_Algorithm/src/Graph_Overtaking_algorithm/install/setup.zsh'
