[0.012s] Invoking command in '/home/jbkim12/Graph_Overtaking_Algorithm/src/Graph_Overtaking_algorithm/build/Graph_Overtaking_algorithm': /usr/bin/cmake /home/jbkim12/Graph_Overtaking_Algorithm/src/Graph_Overtaking_algorithm -DCATKIN_INSTALL_INTO_PREFIX_ROOT=0 -DCMAKE_INSTALL_PREFIX=/home/jbkim12/Graph_Overtaking_Algorithm/src/Graph_Overtaking_algorithm/install/Graph_Overtaking_algorithm
[0.099s] -- The C compiler identification is GNU 9.4.0
[0.175s] -- The CXX compiler identification is GNU 9.4.0
[0.180s] -- Check for working C compiler: /usr/bin/cc
[0.284s] -- Check for working C compiler: /usr/bin/cc -- works
[0.287s] -- Detecting C compiler ABI info
[0.401s] -- Detecting C compiler ABI info - done
[0.414s] -- Detecting C compile features
[0.414s] -- Detecting C compile features - done
[0.417s] -- Check for working CXX compiler: /usr/bin/c++
[0.539s] -- Check for working CXX compiler: /usr/bin/c++ -- works
[0.542s] -- Detecting CXX compiler ABI info
[0.655s] -- Detecting CXX compiler ABI info - done
[0.667s] -- Detecting CXX compile features
[0.667s] -- Detecting CXX compile features - done
[0.669s] -- Using CATKIN_DEVEL_PREFIX: /home/jbkim12/Graph_Overtaking_Algorithm/src/Graph_Overtaking_algorithm/build/Graph_Overtaking_algorithm/devel
[0.669s] -- Using CMAKE_PREFIX_PATH: /home/jbkim12/Graph_Overtaking_Algorithm/devel;/opt/ros/noetic;/home/jbkim12/absol_spd_convert/src/Model_Prediction/hmcl_msgs
[0.669s] -- This workspace overlays: /home/jbkim12/Graph_Overtaking_Algorithm/devel;/opt/ros/noetic
[0.694s] -- Found PythonInterp: /usr/bin/python3 (found suitable version "3.8.10", minimum required is "3") 
[0.694s] -- Using PYTHON_EXECUTABLE: /usr/bin/python3
[0.694s] -- Using Debian Python package layout
[0.720s] -- Found PY_em: /usr/lib/python3/dist-packages/em.py  
[0.720s] -- Using empy: /usr/lib/python3/dist-packages/em.py
[0.829s] -- Using CATKIN_ENABLE_TESTING: ON
[0.829s] -- Call enable_testing()
[0.832s] -- Using CATKIN_TEST_RESULTS_DIR: /home/jbkim12/Graph_Overtaking_Algorithm/src/Graph_Overtaking_algorithm/build/Graph_Overtaking_algorithm/test_results
[1.351s] -- Forcing gtest/gmock from source, though one was otherwise available.
[1.351s] -- Found gtest sources under '/usr/src/googletest': gtests will be built
[1.351s] -- Found gmock sources under '/usr/src/googletest': gmock will be built
[1.375s] -- Found PythonInterp: /usr/bin/python3 (found version "3.8.10") 
[1.379s] -- Found Threads: TRUE  
[1.385s] -- Using Python nosetests: /usr/bin/nosetests3
[1.437s] -- catkin 0.8.10
[1.438s] -- BUILD_SHARED_LIBS is on
[1.658s] -- Using these message generators: gencpp;geneus;genlisp;gennodejs;genpy
[1.840s] WARNING: Package name "Graph_Overtaking_algorithm" does not follow the naming conventions. It should start with a lower case letter and only contain lower case letters, digits, underscores, and dashes.
[1.947s] -- Configuring done
[1.973s] -- Generating done
[1.979s] -- Build files have been written to: /home/jbkim12/Graph_Overtaking_Algorithm/src/Graph_Overtaking_algorithm/build/Graph_Overtaking_algorithm
[1.985s] Invoked command in '/home/jbkim12/Graph_Overtaking_Algorithm/src/Graph_Overtaking_algorithm/build/Graph_Overtaking_algorithm' returned '0': /usr/bin/cmake /home/jbkim12/Graph_Overtaking_Algorithm/src/Graph_Overtaking_algorithm -DCATKIN_INSTALL_INTO_PREFIX_ROOT=0 -DCMAKE_INSTALL_PREFIX=/home/jbkim12/Graph_Overtaking_Algorithm/src/Graph_Overtaking_algorithm/install/Graph_Overtaking_algorithm
[1.991s] Invoking command in '/home/jbkim12/Graph_Overtaking_Algorithm/src/Graph_Overtaking_algorithm/build/Graph_Overtaking_algorithm': /usr/bin/cmake --build /home/jbkim12/Graph_Overtaking_Algorithm/src/Graph_Overtaking_algorithm/build/Graph_Overtaking_algorithm -- -j16 -l16
[2.047s] [35m[1mScanning dependencies of target Graph_Overtaking_algorithm_node[0m
[2.093s] [ 50%] [32mBuilding CXX object CMakeFiles/Graph_Overtaking_algorithm_node.dir/src/Graph_Overtaking_Algorithm.cpp.o[0m
[2.493s] [01m[K/home/jbkim12/Graph_Overtaking_Algorithm/src/Graph_Overtaking_algorithm/src/Graph_Overtaking_Algorithm.cpp:9:10:[m[K [01;31m[Kfatal error: [m[Khmcl_msgs/LaneArray.h: No such file or directory
[2.493s]     9 | #include [01;31m[K<hmcl_msgs/LaneArray.h>[m[K
[2.493s]       |          [01;31m[K^~~~~~~~~~~~~~~~~~~~~~~[m[K
[2.493s] compilation terminated.
[2.509s] make[2]: *** [CMakeFiles/Graph_Overtaking_algorithm_node.dir/build.make:63: CMakeFiles/Graph_Overtaking_algorithm_node.dir/src/Graph_Overtaking_Algorithm.cpp.o] Error 1
[2.510s] make[1]: *** [CMakeFiles/Makefile2:210: CMakeFiles/Graph_Overtaking_algorithm_node.dir/all] Error 2
[2.511s] make: *** [Makefile:141: all] Error 2
[2.517s] Invoked command in '/home/jbkim12/Graph_Overtaking_Algorithm/src/Graph_Overtaking_algorithm/build/Graph_Overtaking_algorithm' returned '2': /usr/bin/cmake --build /home/jbkim12/Graph_Overtaking_Algorithm/src/Graph_Overtaking_algorithm/build/Graph_Overtaking_algorithm -- -j16 -l16
